<?xml version="1.0" encoding="UTF-8"?>
<coverage generated="1685386923387" clover="3.2.0">
  <project timestamp="1685386923387" name="All files">
    <metrics statements="52" coveredstatements="51" conditionals="9" coveredconditionals="7" methods="30" coveredmethods="25" elements="91" coveredelements="83" complexity="0" loc="52" ncloc="52" packages="3" files="5" classes="5"/>
    <package name="components">
      <metrics statements="27" coveredstatements="27" conditionals="4" coveredconditionals="4" methods="14" coveredmethods="14"/>
      <file name="UserForm.tsx" path="C:\MyProjects\ProjectReact_Native\rn-supabase-crud\src\components\UserForm.tsx">
        <metrics statements="13" coveredstatements="13" conditionals="0" coveredconditionals="0" methods="4" coveredmethods="4"/>
        <line num="13" count="2" type="stmt"/>
        <line num="16" count="6" type="stmt"/>
        <line num="18" count="6" type="stmt"/>
        <line num="20" count="6" type="stmt"/>
        <line num="27" count="6" type="stmt"/>
        <line num="28" count="6" type="stmt"/>
        <line num="30" count="6" type="stmt"/>
        <line num="32" count="1" type="stmt"/>
        <line num="34" count="1" type="stmt"/>
        <line num="37" count="6" type="stmt"/>
        <line num="52" count="1" type="stmt"/>
        <line num="71" count="1" type="stmt"/>
        <line num="72" count="1" type="stmt"/>
      </file>
      <file name="UserList.tsx" path="C:\MyProjects\ProjectReact_Native\rn-supabase-crud\src\components\UserList.tsx">
        <metrics statements="14" coveredstatements="14" conditionals="4" coveredconditionals="4" methods="10" coveredmethods="10"/>
        <line num="27" count="8" type="stmt"/>
        <line num="29" count="8" type="stmt"/>
        <line num="30" count="1" type="stmt"/>
        <line num="33" count="8" type="stmt"/>
        <line num="34" count="2" type="stmt"/>
        <line num="38" count="1" type="stmt"/>
        <line num="43" count="8" type="stmt"/>
        <line num="44" count="24" type="stmt"/>
        <line num="56" count="1" type="stmt"/>
        <line num="75" count="1" type="stmt"/>
        <line num="92" count="2" type="stmt"/>
        <line num="101" count="8" type="stmt"/>
        <line num="109" count="24" type="stmt"/>
        <line num="116" count="1" type="stmt"/>
      </file>
    </package>
    <package name="context">
      <metrics statements="23" coveredstatements="22" conditionals="5" coveredconditionals="3" methods="14" coveredmethods="9"/>
      <file name="TaskContext.tsx" path="C:\MyProjects\ProjectReact_Native\rn-supabase-crud\src\context\TaskContext.tsx">
        <metrics statements="23" coveredstatements="22" conditionals="5" coveredconditionals="3" methods="14" coveredmethods="9"/>
        <line num="7" count="5" type="stmt"/>
        <line num="15" count="5" type="cond" truecount="1" falsecount="0"/>
        <line num="16" count="4" type="cond" truecount="1" falsecount="1"/>
        <line num="20" count="3" type="stmt"/>
        <line num="25" count="10" type="stmt"/>
        <line num="27" count="10" type="stmt"/>
        <line num="28" count="4" type="stmt"/>
        <line num="30" count="3" type="stmt"/>
        <line num="33" count="0" type="stmt"/>
        <line num="37" count="10" type="stmt"/>
        <line num="38" count="4" type="stmt"/>
        <line num="44" count="10" type="stmt"/>
        <line num="46" count="4" type="cond" truecount="1" falsecount="1"/>
        <line num="50" count="4" type="stmt"/>
        <line num="57" count="4" type="stmt"/>
        <line num="71" count="10" type="stmt"/>
        <line num="75" count="1" type="stmt"/>
        <line num="78" count="10" type="stmt"/>
        <line num="79" count="1" type="stmt"/>
        <line num="81" count="1" type="stmt"/>
        <line num="83" count="1" type="stmt"/>
        <line num="94" count="10" type="stmt"/>
        <line num="110" count="5" type="stmt"/>
      </file>
    </package>
    <package name="screens">
      <metrics statements="2" coveredstatements="2" conditionals="0" coveredconditionals="0" methods="2" coveredmethods="2"/>
      <file name="myForm.tsx" path="C:\MyProjects\ProjectReact_Native\rn-supabase-crud\src\screens\myForm.tsx">
        <metrics statements="1" coveredstatements="1" conditionals="0" coveredconditionals="0" methods="1" coveredmethods="1"/>
        <line num="4" count="1" type="stmt"/>
      </file>
      <file name="myHome.tsx" path="C:\MyProjects\ProjectReact_Native\rn-supabase-crud\src\screens\myHome.tsx">
        <metrics statements="1" coveredstatements="1" conditionals="0" coveredconditionals="0" methods="1" coveredmethods="1"/>
        <line num="4" count="1" type="stmt"/>
      </file>
    </package>
  </project>
</coverage>
