{"C:\\MyProjects\\ProjectReact_Native\\rn-supabase-crud\\src\\components\\UserForm.tsx": {"path":"C:\\MyProjects\\ProjectReact_Native\\rn-supabase-crud\\src\\components\\UserForm.tsx","statementMap":{"0":{"start":{"line":13,"column":0},"end":{"line":13,"column":30}},"1":{"start":{"line":16,"column":22},"end":{"line":16,"column":64}},"2":{"start":{"line":18,"column":21},"end":{"line":18,"column":36}},"3":{"start":{"line":20,"column":23},"end":{"line":25,"column":3}},"4":{"start":{"line":27,"column":34},"end":{"line":27,"column":69}},"5":{"start":{"line":28,"column":36},"end":{"line":28,"column":56}},"6":{"start":{"line":30,"column":19},"end":{"line":35,"column":3}},"7":{"start":{"line":32,"column":4},"end":{"line":32,"column":22}},"8":{"start":{"line":34,"column":4},"end":{"line":34,"column":24}},"9":{"start":{"line":37,"column":2},"end":{"line":91,"column":4}},"10":{"start":{"line":52,"column":14},"end":{"line":52,"column":62}},"11":{"start":{"line":71,"column":14},"end":{"line":71,"column":34}},"12":{"start":{"line":72,"column":14},"end":{"line":75,"column":17}}},"fnMap":{"0":{"name":"UserForm","decl":{"start":{"line":15,"column":24},"end":{"line":15,"column":32}},"loc":{"start":{"line":15,"column":35},"end":{"line":92,"column":1}},"line":15},"1":{"name":"(anonymous_1)","decl":{"start":{"line":30,"column":19},"end":{"line":30,"column":20}},"loc":{"start":{"line":30,"column":25},"end":{"line":35,"column":3}},"line":30},"2":{"name":"(anonymous_2)","decl":{"start":{"line":51,"column":26},"end":{"line":51,"column":27}},"loc":{"start":{"line":52,"column":14},"end":{"line":52,"column":62}},"line":52},"3":{"name":"(anonymous_3)","decl":{"start":{"line":70,"column":22},"end":{"line":70,"column":23}},"loc":{"start":{"line":70,"column":33},"end":{"line":76,"column":13}},"line":70}},"branchMap":{},"s":{"0":2,"1":6,"2":6,"3":6,"4":6,"5":6,"6":6,"7":1,"8":1,"9":6,"10":1,"11":1,"12":1},"f":{"0":6,"1":1,"2":1,"3":1},"b":{},"_coverageSchema":"1a1c01bbd47fc00a2c39e90264f33305004495a9","hash":"92ad1a796aaf0294e1ea7531375b5403af99f93f"}
,"C:\\MyProjects\\ProjectReact_Native\\rn-supabase-crud\\src\\components\\UserList.tsx": {"path":"C:\\MyProjects\\ProjectReact_Native\\rn-supabase-crud\\src\\components\\UserList.tsx","statementMap":{"0":{"start":{"line":27,"column":48},"end":{"line":27,"column":71}},"1":{"start":{"line":29,"column":18},"end":{"line":31,"column":3}},"2":{"start":{"line":30,"column":4},"end":{"line":30,"column":34}},"3":{"start":{"line":33,"column":24},"end":{"line":41,"column":3}},"4":{"start":{"line":34,"column":4},"end":{"line":40,"column":7}},"5":{"start":{"line":38,"column":23},"end":{"line":38,"column":39}},"6":{"start":{"line":43,"column":22},"end":{"line":99,"column":3}},"7":{"start":{"line":44,"column":4},"end":{"line":98,"column":6}},"8":{"start":{"line":56,"column":30},"end":{"line":56,"column":52}},"9":{"start":{"line":75,"column":29},"end":{"line":75,"column":51}},"10":{"start":{"line":92,"column":29},"end":{"line":92,"column":48}},"11":{"start":{"line":101,"column":2},"end":{"line":122,"column":4}},"12":{"start":{"line":109,"column":32},"end":{"line":109,"column":39}},"13":{"start":{"line":116,"column":23},"end":{"line":116,"column":32}}},"fnMap":{"0":{"name":"UserList","decl":{"start":{"line":25,"column":24},"end":{"line":25,"column":32}},"loc":{"start":{"line":25,"column":64},"end":{"line":123,"column":1}},"line":25},"1":{"name":"(anonymous_1)","decl":{"start":{"line":29,"column":18},"end":{"line":29,"column":19}},"loc":{"start":{"line":29,"column":24},"end":{"line":31,"column":3}},"line":29},"2":{"name":"(anonymous_2)","decl":{"start":{"line":33,"column":24},"end":{"line":33,"column":25}},"loc":{"start":{"line":33,"column":42},"end":{"line":41,"column":3}},"line":33},"3":{"name":"(anonymous_3)","decl":{"start":{"line":38,"column":17},"end":{"line":38,"column":18}},"loc":{"start":{"line":38,"column":23},"end":{"line":38,"column":39}},"line":38},"4":{"name":"(anonymous_4)","decl":{"start":{"line":43,"column":22},"end":{"line":43,"column":23}},"loc":{"start":{"line":43,"column":43},"end":{"line":99,"column":3}},"line":43},"5":{"name":"(anonymous_5)","decl":{"start":{"line":56,"column":24},"end":{"line":56,"column":25}},"loc":{"start":{"line":56,"column":30},"end":{"line":56,"column":52}},"line":56},"6":{"name":"(anonymous_6)","decl":{"start":{"line":75,"column":23},"end":{"line":75,"column":24}},"loc":{"start":{"line":75,"column":29},"end":{"line":75,"column":51}},"line":75},"7":{"name":"(anonymous_7)","decl":{"start":{"line":92,"column":23},"end":{"line":92,"column":24}},"loc":{"start":{"line":92,"column":29},"end":{"line":92,"column":48}},"line":92},"8":{"name":"(anonymous_8)","decl":{"start":{"line":109,"column":22},"end":{"line":109,"column":23}},"loc":{"start":{"line":109,"column":32},"end":{"line":109,"column":39}},"line":109},"9":{"name":"(anonymous_9)","decl":{"start":{"line":116,"column":17},"end":{"line":116,"column":18}},"loc":{"start":{"line":116,"column":23},"end":{"line":116,"column":32}},"line":116}},"branchMap":{"0":{"loc":{"start":{"line":70,"column":23},"end":{"line":70,"column":67}},"type":"cond-expr","locations":[{"start":{"line":70,"column":40},"end":{"line":70,"column":50}},{"start":{"line":70,"column":53},"end":{"line":70,"column":67}}],"line":70},"1":{"loc":{"start":{"line":73,"column":23},"end":{"line":73,"column":66}},"type":"cond-expr","locations":[{"start":{"line":73,"column":40},"end":{"line":73,"column":50}},{"start":{"line":73,"column":53},"end":{"line":73,"column":66}}],"line":73}},"s":{"0":8,"1":8,"2":1,"3":8,"4":2,"5":1,"6":8,"7":24,"8":1,"9":1,"10":2,"11":8,"12":24,"13":1},"f":{"0":8,"1":1,"2":2,"3":1,"4":24,"5":1,"6":1,"7":2,"8":24,"9":1},"b":{"0":[8,16],"1":[8,16]},"_coverageSchema":"1a1c01bbd47fc00a2c39e90264f33305004495a9","hash":"262ce8ab4e2b21df11e5942972e8afa578bd54b1"}
,"C:\\MyProjects\\ProjectReact_Native\\rn-supabase-crud\\src\\context\\TaskContext.tsx": {"path":"C:\\MyProjects\\ProjectReact_Native\\rn-supabase-crud\\src\\context\\TaskContext.tsx","statementMap":{"0":{"start":{"line":7,"column":27},"end":{"line":12,"column":2}},"1":{"start":{"line":15,"column":24},"end":{"line":21,"column":1}},"2":{"start":{"line":16,"column":2},"end":{"line":16,"column":32}},"3":{"start":{"line":16,"column":16},"end":{"line":16,"column":32}},"4":{"start":{"line":20,"column":2},"end":{"line":20,"column":15}},"5":{"start":{"line":25,"column":26},"end":{"line":25,"column":46}},"6":{"start":{"line":27,"column":2},"end":{"line":35,"column":9}},"7":{"start":{"line":28,"column":4},"end":{"line":34,"column":9}},"8":{"start":{"line":30,"column":8},"end":{"line":30,"column":35}},"9":{"start":{"line":33,"column":8},"end":{"line":33,"column":27}},"10":{"start":{"line":37,"column":21},"end":{"line":42,"column":3}},"11":{"start":{"line":38,"column":4},"end":{"line":41,"column":6}},"12":{"start":{"line":44,"column":18},"end":{"line":69,"column":3}},"13":{"start":{"line":46,"column":6},"end":{"line":48,"column":25}},"14":{"start":{"line":50,"column":20},"end":{"line":55,"column":5}},"15":{"start":{"line":57,"column":4},"end":{"line":57,"column":44}},"16":{"start":{"line":71,"column":21},"end":{"line":76,"column":3}},"17":{"start":{"line":75,"column":4},"end":{"line":75,"column":63}},"18":{"start":{"line":75,"column":45},"end":{"line":75,"column":59}},"19":{"start":{"line":78,"column":26},"end":{"line":92,"column":3}},"20":{"start":{"line":79,"column":28},"end":{"line":79,"column":37}},"21":{"start":{"line":81,"column":4},"end":{"line":81,"column":57}},"22":{"start":{"line":83,"column":4},"end":{"line":83,"column":21}},"23":{"start":{"line":94,"column":2},"end":{"line":105,"column":4}},"24":{"start":{"line":110,"column":22},"end":{"line":110,"column":57}},"25":{"start":{"line":110,"column":28},"end":{"line":110,"column":57}}},"fnMap":{"0":{"name":"(anonymous_0)","decl":{"start":{"line":9,"column":11},"end":{"line":9,"column":12}},"loc":{"start":{"line":9,"column":17},"end":{"line":9,"column":19}},"line":9},"1":{"name":"(anonymous_1)","decl":{"start":{"line":10,"column":14},"end":{"line":10,"column":15}},"loc":{"start":{"line":10,"column":20},"end":{"line":10,"column":22}},"line":10},"2":{"name":"(anonymous_2)","decl":{"start":{"line":11,"column":19},"end":{"line":11,"column":20}},"loc":{"start":{"line":11,"column":25},"end":{"line":11,"column":27}},"line":11},"3":{"name":"(anonymous_3)","decl":{"start":{"line":15,"column":24},"end":{"line":15,"column":25}},"loc":{"start":{"line":15,"column":51},"end":{"line":21,"column":1}},"line":15},"4":{"name":"ItemProvider","decl":{"start":{"line":23,"column":16},"end":{"line":23,"column":28}},"loc":{"start":{"line":23,"column":43},"end":{"line":106,"column":1}},"line":23},"5":{"name":"(anonymous_5)","decl":{"start":{"line":27,"column":12},"end":{"line":27,"column":13}},"loc":{"start":{"line":27,"column":18},"end":{"line":35,"column":3}},"line":27},"6":{"name":"(anonymous_6)","decl":{"start":{"line":29,"column":12},"end":{"line":29,"column":13}},"loc":{"start":{"line":29,"column":23},"end":{"line":31,"column":7}},"line":29},"7":{"name":"(anonymous_7)","decl":{"start":{"line":32,"column":13},"end":{"line":32,"column":14}},"loc":{"start":{"line":32,"column":24},"end":{"line":34,"column":7}},"line":32},"8":{"name":"(anonymous_8)","decl":{"start":{"line":37,"column":21},"end":{"line":37,"column":22}},"loc":{"start":{"line":37,"column":27},"end":{"line":42,"column":3}},"line":37},"9":{"name":"(anonymous_9)","decl":{"start":{"line":44,"column":18},"end":{"line":44,"column":19}},"loc":{"start":{"line":44,"column":40},"end":{"line":69,"column":3}},"line":44},"10":{"name":"(anonymous_10)","decl":{"start":{"line":71,"column":21},"end":{"line":71,"column":22}},"loc":{"start":{"line":71,"column":43},"end":{"line":76,"column":3}},"line":71},"11":{"name":"(anonymous_11)","decl":{"start":{"line":75,"column":35},"end":{"line":75,"column":36}},"loc":{"start":{"line":75,"column":45},"end":{"line":75,"column":59}},"line":75},"12":{"name":"(anonymous_12)","decl":{"start":{"line":78,"column":26},"end":{"line":78,"column":27}},"loc":{"start":{"line":78,"column":51},"end":{"line":92,"column":3}},"line":78},"13":{"name":"(anonymous_13)","decl":{"start":{"line":110,"column":22},"end":{"line":110,"column":23}},"loc":{"start":{"line":110,"column":28},"end":{"line":110,"column":57}},"line":110}},"branchMap":{"0":{"loc":{"start":{"line":15,"column":31},"end":{"line":15,"column":46}},"type":"default-arg","locations":[{"start":{"line":15,"column":42},"end":{"line":15,"column":46}}],"line":15},"1":{"loc":{"start":{"line":16,"column":2},"end":{"line":16,"column":32}},"type":"if","locations":[{"start":{"line":16,"column":2},"end":{"line":16,"column":32}},{"start":{},"end":{}}],"line":16},"2":{"loc":{"start":{"line":46,"column":6},"end":{"line":48,"column":25}},"type":"cond-expr","locations":[{"start":{"line":47,"column":10},"end":{"line":47,"column":34}},{"start":{"line":48,"column":10},"end":{"line":48,"column":25}}],"line":46}},"s":{"0":5,"1":5,"2":4,"3":0,"4":3,"5":10,"6":10,"7":4,"8":3,"9":0,"10":10,"11":4,"12":10,"13":4,"14":4,"15":4,"16":10,"17":1,"18":1,"19":10,"20":1,"21":1,"22":1,"23":10,"24":5,"25":0},"f":{"0":0,"1":0,"2":0,"3":4,"4":10,"5":4,"6":3,"7":0,"8":4,"9":4,"10":1,"11":1,"12":1,"13":0},"b":{"0":[4],"1":[0,4],"2":[0,4]},"_coverageSchema":"1a1c01bbd47fc00a2c39e90264f33305004495a9","hash":"2636f5df38e63b33a880633601cdc708f906392b"}
,"C:\\MyProjects\\ProjectReact_Native\\rn-supabase-crud\\src\\screens\\myForm.tsx": {"path":"C:\\MyProjects\\ProjectReact_Native\\rn-supabase-crud\\src\\screens\\myForm.tsx","statementMap":{"0":{"start":{"line":4,"column":2},"end":{"line":4,"column":22}}},"fnMap":{"0":{"name":"MyForm","decl":{"start":{"line":3,"column":24},"end":{"line":3,"column":30}},"loc":{"start":{"line":3,"column":33},"end":{"line":5,"column":1}},"line":3}},"branchMap":{},"s":{"0":1},"f":{"0":1},"b":{},"_coverageSchema":"1a1c01bbd47fc00a2c39e90264f33305004495a9","hash":"c635b0df9ae3f4ca6af0a45b541e72e47dfb8ad9"}
,"C:\\MyProjects\\ProjectReact_Native\\rn-supabase-crud\\src\\screens\\myHome.tsx": {"path":"C:\\MyProjects\\ProjectReact_Native\\rn-supabase-crud\\src\\screens\\myHome.tsx","statementMap":{"0":{"start":{"line":4,"column":2},"end":{"line":4,"column":22}}},"fnMap":{"0":{"name":"MyList","decl":{"start":{"line":3,"column":24},"end":{"line":3,"column":30}},"loc":{"start":{"line":3,"column":33},"end":{"line":5,"column":1}},"line":3}},"branchMap":{},"s":{"0":1},"f":{"0":1},"b":{},"_coverageSchema":"1a1c01bbd47fc00a2c39e90264f33305004495a9","hash":"0dde4a5bc23c081c20a19b60780bdaab2adb1af7"}
}
