TN:
SF:src\components\UserForm.tsx
FN:15,UserForm
FN:30,(anonymous_1)
FN:51,(anonymous_2)
FN:70,(anonymous_3)
FNF:4
FNH:4
FNDA:6,UserForm
FNDA:1,(anonymous_1)
FNDA:1,(anonymous_2)
FNDA:1,(anonymous_3)
DA:13,2
DA:16,6
DA:18,6
DA:20,6
DA:27,6
DA:28,6
DA:30,6
DA:32,1
DA:34,1
DA:37,6
DA:52,1
DA:71,1
DA:72,1
LF:13
LH:13
BRF:0
BRH:0
end_of_record
TN:
SF:src\components\UserList.tsx
FN:25,UserList
FN:29,(anonymous_1)
FN:33,(anonymous_2)
FN:38,(anonymous_3)
FN:43,(anonymous_4)
FN:56,(anonymous_5)
FN:75,(anonymous_6)
FN:92,(anonymous_7)
FN:109,(anonymous_8)
FN:116,(anonymous_9)
FNF:10
FNH:10
FNDA:8,UserList
FNDA:1,(anonymous_1)
FNDA:2,(anonymous_2)
FNDA:1,(anonymous_3)
FNDA:24,(anonymous_4)
FNDA:1,(anonymous_5)
FNDA:1,(anonymous_6)
FNDA:2,(anonymous_7)
FNDA:24,(anonymous_8)
FNDA:1,(anonymous_9)
DA:27,8
DA:29,8
DA:30,1
DA:33,8
DA:34,2
DA:38,1
DA:43,8
DA:44,24
DA:56,1
DA:75,1
DA:92,2
DA:101,8
DA:109,24
DA:116,1
LF:14
LH:14
BRDA:70,0,0,8
BRDA:70,0,1,16
BRDA:73,1,0,8
BRDA:73,1,1,16
BRF:4
BRH:4
end_of_record
TN:
SF:src\context\TaskContext.tsx
FN:9,(anonymous_0)
FN:10,(anonymous_1)
FN:11,(anonymous_2)
FN:15,(anonymous_3)
FN:23,ItemProvider
FN:27,(anonymous_5)
FN:29,(anonymous_6)
FN:32,(anonymous_7)
FN:37,(anonymous_8)
FN:44,(anonymous_9)
FN:71,(anonymous_10)
FN:75,(anonymous_11)
FN:78,(anonymous_12)
FN:110,(anonymous_13)
FNF:14
FNH:9
FNDA:0,(anonymous_0)
FNDA:0,(anonymous_1)
FNDA:0,(anonymous_2)
FNDA:4,(anonymous_3)
FNDA:10,ItemProvider
FNDA:4,(anonymous_5)
FNDA:3,(anonymous_6)
FNDA:0,(anonymous_7)
FNDA:4,(anonymous_8)
FNDA:4,(anonymous_9)
FNDA:1,(anonymous_10)
FNDA:1,(anonymous_11)
FNDA:1,(anonymous_12)
FNDA:0,(anonymous_13)
DA:7,5
DA:15,5
DA:16,4
DA:20,3
DA:25,10
DA:27,10
DA:28,4
DA:30,3
DA:33,0
DA:37,10
DA:38,4
DA:44,10
DA:46,4
DA:50,4
DA:57,4
DA:71,10
DA:75,1
DA:78,10
DA:79,1
DA:81,1
DA:83,1
DA:94,10
DA:110,5
LF:23
LH:22
BRDA:15,0,0,4
BRDA:16,1,0,0
BRDA:16,1,1,4
BRDA:46,2,0,0
BRDA:46,2,1,4
BRF:5
BRH:3
end_of_record
TN:
SF:src\screens\myForm.tsx
FN:3,MyForm
FNF:1
FNH:1
FNDA:1,MyForm
DA:4,1
LF:1
LH:1
BRF:0
BRH:0
end_of_record
TN:
SF:src\screens\myHome.tsx
FN:3,MyList
FNF:1
FNH:1
FNDA:1,MyList
DA:4,1
LF:1
LH:1
BRF:0
BRH:0
end_of_record
